151338729 1
172883064 1
254839786 1
270449528 1
204317520 1
265077741 1
257236842 1
229425177 1
149538028 1
115221382 1
288485704 1
152388029 1
112939321 1
200559228 1
261447035 1
292598082 1
2705 2
792998 2
61065794 3
230505689 3
102364313 3
226516599 3
112819301 3
181288376 3
164422299 3
240944206 3
40791597 4
47799910 4
31067157 5
18709570 5
405323682 5
333709376 5
7861312 5
16908436 5
16038438 5
20747847 5
179278975 5
21158690 5
40340464 5
324546502 6
290656947 6
16264063 5
268479669 5
207936757 5
1294741 5
18142375 5
21697211 5
37883682 5
1269251 7
6277512 7
6194262 7
6745742 7
44114848 8
19649303 8
115965772 9
24866186 9
417622555 5
286012612 5
88971791 5
292970754 5
233909647 5
34684258 5
238308325 5
17564647 5
146867687 5
61598133 5
422253889 5
452342492 10
50901147 10
100383683 11
99066209 11
116379446 11
14129299 5
21982720 5
813286 5
16637198 5
17567533 12
21122950 12
15859033 12
38762773 12
17780580 12
18194898 5
20060293 5
37792861 5
14630319 5
18713254 5
14998938 13
172768360 13
88617158 5
23027237 5
16252002 5
444895340 1
251261925 1
360245938 1
67348022 1
46750053 1
69641958 1
9917552 14
20177423 14
17469289 14
36451558 14
14288822 14
18742076 15
42634830 15
31268403 15
55631487 15
26511852 15
145472611 15
56026822 15
146598800 16
18953266 16
247565758 17
175087260 17
2904691 18
26597332 18
132834166 5
28960709 5
25473689 5
22273748 5
127178017 5
203783262 5
282447785 5
474589602 5
70600914 5
373123978 5
35701370 5
17595759 19
15249238 19
305512397 20
263723790 20
6368672 21
15773675 21
18285245 5
14269220 5
19010126 5
15577905 5
59804598 5
35407584 5
127437545 5
15849055 5
14917050 5
250906649 5
38939069 5
307629880 5
252712327 5
362888622 22
172085164 22
35831704 22
24278900 22
17174309 22
23272358 23
49997792 23
28120317 23
16186743 23
24233316 23
58113278 23
20801235 23
71599012 24
18739697 24
33940986 24
15435220 5
9531232 25
6037682 25
300027658 5
17632072 5
229706893 5
38492717 5
23140494 5
155976326 5
17986155 5
124524869 5
19622462 5
14220046 5
101008987 5
107172099 5
119897041 5
14208982 5
19469924 5
114340234 5
18148907 5
32520177 5
6374602 5
14355964 5
46319532 5
42828152 26
20611320 26
113751683 5
35722372 5
19563357 5
276905731 5
167112946 1
71827867 1
73745407 27
365103804 27
354717831 1
16213013 28
27970832 28
36750478 29
15094659 29
7458942 29
21685295 29
123565032 29
19364964 29
26299078 29
17899109 29
19526770 5
21642976 5
40708033 5
11696732 5
22460658 5
57615171 5
18124625 5
17483462 5
28617554 5
15311166 30
22396371 30
240926153 5
25254052 5
23827692 5
18682397 5
87874905 31
433873546 31
16831715 5
108993961 5
8346982 32
187197078 32
13196662 32
5606492 33
14502775 33
14341671 33
14550264 34
13455472 34
13761042 33
86970580 35
177593483 35
41476892 36
14783304 36
15993038 36
20495756 36
466830475 37
28539301 37
311214131 37
55488516 37
121063287 37
37878753 36
12591 38
7738402 38
16633144 39
32460344 39
656673 38
7826472 38
168453874 40
60591163 40
7400342 38
2060631 38
17648193 38
44004358 40
14474785 39
40813518 5
52832085 5
195934431 5
46553113 5
18803775 41
130155510 41
25276905 41
173282921 41
21651598 41
16793368 41
59836995 41
14152810 41
128528922 41
21436558 41
104548229 41
23497893 41
15271655 41
64503060 41
36385076 5
31037985 5
27155383 42
19982092 42
23217907 5
309754474 5
151505240 5
166747718 43
161966800 43
121295290 5
306265180 5
22317432 44
278109079 44
102794589 44
27476898 45
328726293 45
21315721 5
5391882 5
16987303 5
14747507 5
20596035 46
16974572 46
307206030 5
213032194 5
77806232 5
87044829 5
219173613 47
295759517 47
27972426 48
27853622 48
250708662 5
140487396 47
171374806 48
13612732 49
13165 49
20463300 49
147386402 49
14327760 49
14283433 49
93927917 49
28229899 49
30153287 49
16650023 50
18141016 50
18309277 51
19738459 51
11856762 5
312285643 5
14183551 5
14050213 5
81501774 5
18638460 5
23404483 5
42900952 5
39693835 5
16365403 5
9313022 5
15805171 5
42977712 5
213350034 5
35206553 5
19550535 5
19738805 5
123153760 5
17995419 5
12223 5
27531390 5
34163 38
11231232 38
12555 38
823129 38
134935099 38
65114531 38
14467403 38
2223571 38
666073 38
13931982 38
19579205 52
222040026 52
523173553 53
525952691 53
47 5
6160742 5
586 5
6331462 5
24560836 5
17587207 5
100649666 5
111164068 5
38214426 5
25421732 5
95332892 5
141021153 5
290097288 5
39141427 5
72753148 5
34082952 54
23477141 54
15428227 55
47723728 55
1891381 5
2729061 5
16892481 5
17595439 5
11107172 5
7842902 5
79676954 5
20465564 5
78034746 5
17092592 5
108931405 5
423385493 5
19676802 5
335343438 5
27870530 56
22120066 56
84421229 5
15160273 5
76771932 5
7875762 5
47161442 5
28856770 5
56955361 5
19370213 5
185512077 5
191229219 57
195316132 57
71671576 5
234914530 5
36444947 5
15888142 5
15775214 5
183786731 58
256651717 58
68503464 58
366795440 58
386064033 58
176302452 58
347376996 58
52025380 58
338054017 58
148727717 58
389820347 58
53391112 5
31524543 5
257484939 5
17660341 59
16017251 59
81952694 59
386161471 60
80650549 60
86597957 60
14413075 5
767396 5
1885511 5
16364399 5
14335880 5
507731256 61
191613738 61
32547856 5
17702627 5
70736917 5
26674923 5
246036834 62
245683115 62
16001975 5
17959695 63
18270268 63
15222719 5
14596798 5
14749755 63
17913814 63
4664501 38
6810832 38
14503 38
16866701 38
7552082 38
14257869 38
13276422 38
487698090 64
392197972 64
55873816 65
115751705 65
17587331 5
16522244 5
64069241 5
18698454 5
21415375 5
14443028 5
41530500 5
14766418 5
42923074 5
2109381 5
15933993 5
19523675 5
8875752 5
13104722 5
14521530 5
8708012 5
40349308 66
16562949 66
19624836 56
19092024 56
22575398 5
42637650 67
9771562 67
18628801 67
19766673 67
14892073 5
14458660 5
15869453 5
18479089 68
23095315 68
8162312 68
4733771 68
5388222 69
462357211 69
2891131 69
20941681 68
6598572 70
91718540 70
9406452 5
13607 70
16003349 5
17903702 70
14089595 70
6223132 5
6981492 5
46477415 71
21908150 71
16274879 72
62886136 72
15081306 73
1963821 73
14335262 5
14985228 5
15811487 73
14499127 74
14226805 74
107129460 5
7319512 73
23904110 75
19210139 75
14499168 74
15976255 76
410469035 76
17022234 77
13397502 77
23346663 78
18904121 78
14369901 79
195777968 79
12739092 80
16246065 80
17740231 5
29403586 5
19608297 81
21314814 81
81575608 82
20039889 82
82208992 50
46167548 50
14980820 50
88957553 50
14677998 50
16517711 50
2269701 83
18778944 83
14502745 84
3094401 84
835871 84
817288 5
879521 5
36823 5
817268 5
14132461 5
14801863 5
11041 5
15903746 5
21682707 5
7566522 85
14724347 85
19118802 5
43011256 86
19216679 86
248929163 5
21173505 5
5423502 5
139531245 5
83423381 5
29088049 5
17358260 5
284136905 5
15737386 5
48132194 87
164087020 87
16303393 5
104489671 5
15861559 5
15135874 5
57903424 5
5576542 5
21116178 88
897351 88
157504724 89
30418870 89
193073314 90
156406287 90
32462148 91
32340023 91
28299971 92
28375496 92
74134553 91
18399652 93
20209459 93
467909899 93
12412572 93
21414413 5
27733550 5
17008726 93
5758642 94
15829144 94
17026041 94
17001524 94
15222806 94
1769551 94
17023344 94
39434755 94
16955436 94
15174477 94
158961178 95
159219605 95
34244280 5
42993311 5
19549883 5
18010854 5
15987971 5
25928253 96
15368404 96
67020298 5
10505322 5
2806761 5
343797833 5
506342927 5
389486164 5
45690012 5
15977848 5
324660438 5
162770758 5
82532813 5
120892393 5
292029321 97
55090226 97
67487321 5
186631937 5
22320889 28
15140362 98
15140284 98
23389509 99
22196442 99
113975798 99
93816184 99
14404449 99
51352792 99
140925207 99
17843533 99
16935292 5
16586811 99
15381612 5
3228691 100
1048651 100
27718312 100
14736168 100
7613282 100
22104535 101
63061469 101
24604813 101
126030998 21
79291414 5
27958687 5
8861752 5
281257435 5
21131904 102
38764415 102
30064387 103
24617214 103
50325797 5
16129920 5
80617430 5
115710058 5
113420831 5
22685638 5
149180925 5
13784532 5
266187076 5
15731368 5
17060769 5
75246510 5
39394932 5
15816424 5
17638336 104
17637553 104
16072024 38
17461932 105
14933478 105
14207200 105
17791350 5
15382307 5
21065280 5
193257525 106
277295851 106
15070082 5
24163983 5
97127015 107
22593902 107
15318271 108
269247938 108
14485423 5
22127500 108
36765490 5
11232892 5
15001424 5
14794851 5
341315592 5
17525171 5
36756075 5
13473852 109
1995371 109
15181199 50
38741006 110
84692450 110
27268937 110
213093237 111
287859665 111
8163442 112
35106619 112
105538252 111
196421725 111
193956929 111
246486755 113
377645199 113
346308376 113
482532023 111
3609021 114
14826124 114
14861784 115
14873835 115
141383571 115
26411479 116
185301542 116
4921861 5
15887110 5
258218804 5
61293513 5
18799041 5
92034937 5
459412561 5
104585489 117
93006320 117
987681 5
8951502 5
10273252 38
14835889 38
237056755 118
23694473 118
16069548 5
153457964 5
203226736 119
19167293 119
61588416 119
21905301 119
316832383 119
22420134 119
15741208 119
16334139 119
227037531 119
29057694 119
171168170 119
132585908 119
266580182 119
281347318 5
521909535 5
297683673 5
41627038 5
40333354 120
92283370 120
23899556 120
15921060 120
54368387 120
51256216 120
22075819 121
29338157 121
28878624 120
43929488 5
18207202 122
15641259 122
232818548 1
231490657 1
79253197 1
447119980 1
49114409 5
23258851 5
7832982 5
26649958 5
4366031 5
146573101 5
165821961 5
185106915 5
35406821 5
21505330 5
382823424 5
10759032 5
322906622 5
297064190 5
14116195 123
140477628 123
1075 5
1084 5
14118608 5
5702 5
101204352 1
285762606 1
217856118 1
143169862 1
160565602 1
170922633 1
174787160 124
166153909 124
5452672 5
19637701 125
15450986 125
164686885 5
19162933 5
8254252 5
27178298 5
11228702 5
11211792 5
6456482 5
26572460 5
11161852 5
15726728 5
15252736 5
180489407 5
133315738 5
11183772 5
69661906 5
86157495 5
16243471 5
17418971 5
30535561 5
17714569 5
15679119 5
250376643 5
14451892 5
22900797 5
16660064 5
18838035 5
24673002 5
388952222 126
15983991 126
39506306 126
46409572 126
128246454 126
217195997 126
14586604 126
64840773 126
62501328 126
10115042 5
15567576 5
12101862 5
367661207 127
16617693 127
235766196 5
23878044 5
22362068 5
16158496 128
28056344 128
25784423 129
24938230 129
20571654 5
13229902 5
23800248 129
92409018 129
147793150 129
32398059 129
17632320 129
14999606 5
13862162 5
16651072 5
16415670 5
17489445 130
33601151 130
29311785 131
78389587 131
18181487 5
5906322 5
11253262 5
471963 5
839321 5
15859039 5
19471361 132
8834612 132
80523 5
18681592 70
17870501 5
74499126 133
200606907 133
110760237 1
121570037 1
147665130 1
129631184 1
111492860 5
15418343 5
7218552 134
6370862 134
17821671 135
22596969 135
184146952 5
84114921 136
175767720 136
175624200 5
469357690 5
89826562 135
114384624 5
14355610 5
20165052 137
36471939 137
84155547 5
19006707 5
24297552 5
18382692 5
69816513 5
58129878 5
307044653 5
467966761 5
58347421 138
4267411 138
325641978 138
394380766 5
14711937 139
14359507 139
14372486 5
40076725 1
72357609 1
247583674 1
190833564 1
388556323 1
526216513 5
1689591 34
83451356 5
22292456 5
88454202 5
71478544 5
174273365 5
144320202 5
163739424 5
168231881 5
195851893 5
101370287 5
1775861 5
220955782 5
16249596 5
27778893 5
17908655 5
17133173 5
96890549 5
38056617 5
173965448 5
36778012 5
28061932 5
3943871 5
17368639 5
14281853 5
19963701 5
14224719 5
26727655 5
16600626 5
4898501 5
175633082 5
16032577 5
85718756 5
174768030 5
84200495 5
45951258 5
50640633 5
19089252 5
52205516 5
230282119 5
37876253 5
30086507 5
86204900 5
18940128 5
13559692 5
6023362 5
15962697 5
10922662 5
3375481 5
33753936 5
14244465 5
260275101 5
18006698 5
8596022 5
14850955 5
56623 5
15150828 5
9759932 5
15671992 5
165908478 1
327102622 1
173468248 1
216088014 1
1445981 140
14309129 140
56278217 5
20796323 5
19668592 5
14622694 141
44946555 141
14050235 141
219152459 5
236699215 5
33787115 5
31537029 5
14722564 5
210747974 142
459898457 142
20479813 5
19851359 143
17416267 143
15788309 5
31477608 5
19703935 5
14416552 5
16566306 144
17397762 144
45466925 145
19222164 145
16430887 146
15224719 146
23602815 5
18201114 5
101721302 5
234533857 147
104084647 147
76038813 147
272016961 147
46002379 5
15192772 5
18185593 5
19117113 148
15111448 148
42547398 149
47424517 149
19976756 150
90452330 150
44431366 150
24744179 150
26825852 150
22941372 151
188962593 151
15510569 5
33572600 152
25940364 152
14269172 5
159294262 1
18225966 5
16896485 5
366971503 5
15905103 5
19345378 153
90972884 153
404441601 5
45177955 5
435551972 154
279393981 154
8918012 5
261434167 1
490922827 1
383830013 1
29663668 22
17019152 22
59000613 5
14339261 5
167561718 5
6877722 5
14458280 5
9814222 5
11489 5
14603011 5
30008826 5
70096167 5
322690327 1
385587514 1
507288463 1
140640190 1
262182509 1
185331750 1
200214366 1
357866811 1
322687731 1
15668559 5
10350412 5
14609321 5
15082762 155
14888217 155
784304 156
15381737 156
65289126 157
16373202 157
14667714 5
488061226 5
300532683 5
14631433 5
169112757 5
24793429 5
33519870 5
27998627 5
87478141 5
23826838 5
57435204 5
18234247 5
150347034 5
30981586 5
7027282 5
56493501 5
1258391 5
14058735 5
19638752 5
55270849 5
25019166 5
310058709 158
14228208 158
25371730 50
15532765 50
28097924 50
14750983 50
135579990 50
23324461 50
58447555 5
208942635 5
298587541 5
60943588 5
104352067 5
24482785 5
14558385 5
22595031 5
22745706 5
62059086 5
20332925 5
14565565 5
16740151 5
94877567 5
20509649 5
17087191 5
18079495 5
18084906 5
19353750 5
21744518 5
152741998 159
171681366 159
169982466 159
16987555 159
47282396 159
75521184 159
172530816 159
157218534 159
168759944 160
382232560 160
280028950 160
16303871 161
17552020 161
1222621 5
44402429 162
78039441 162
33059408 163
21902226 163
14877628 5
16336077 5
30207781 163
73545592 162
77275653 164
66204908 164
58569776 165
34991732 165
56856558 166
15216270 166
52835221 166
47393360 5
130047324 65
15822493 65
39600392 65
319576850 65
96060682 167
166699208 167
16974253 168
50892530 168
75944654 167
11703722 167
51698866 167
40289734 167
14862017 168
53150331 169
21349535 169
355704786 1
241715867 170
301186183 170
224160357 1
387439469 1
217906657 1
342388972 1
189952416 1
347788405 5
169921002 171
182883839 171
265479915 5
21952872 172
16005250 172
180509355 5
178456134 99
50735431 99
235146909 58
15086499 5
3200541 5
16813929 5
17324205 5
108508328 5
31639623 5
197341208 5
21645304 5
19981036 5
53395621 5
71600011 5
97008128 5
50965086 5
25180057 173
60092902 173
21460249 173
44383122 173
55793637 5
171108403 5
82775046 5
15582088 5
19519021 5
2747211 5
33010760 174
17737498 174
15209941 175
9247852 175
26058342 5
130559528 176
131935531 176
113470669 176
25492883 176
27835859 176
25680767 176
133272665 176
20157590 176
276991796 176
154602438 177
30979533 177
20578176 178
409628807 178
87697628 178
77306913 178
22037477 178
18148282 178
22843068 178
54997681 178
21139132 178
236657680 178
20193243 179
339875129 179
62831503 180
19388771 180
442587710 181
358030466 181
350322420 1
392251125 1
122703083 1
27711706 5
20958456 5
249996933 5
458341610 5
30982580 5
299926425 5
14260655 5
15816057 5
54476281 182
216977719 182
202037047 5
16807882 5
60972923 183
78569026 183
3299561 5
108908302 5
19302265 184
2450021 184
56431113 99
348278208 5
16815619 5
33669807 5
42897096 5
9272 185
14540042 185
17995580 186
18988466 186
15759166 5
19014804 187
29806910 187
16803196 5
15961191 5
22749632 5
25527966 5
34793170 5
74622259 188
20379995 188
18829102 188
22661707 188
31200707 188
182101865 188
208062005 188
14500804 188
304233994 188
14803917 189
21778842 189
195938803 5
20690398 5
17426542 5
240657729 5
148914977 190
282622795 190
262045931 5
220861472 5
114890849 5
417311399 5
234485146 5
226426309 5
36756569 5
240393947 5
145950327 5
280919733 5
24969285 191
16703744 191
171693385 5
17424872 5
23793447 5
19185333 119
22814630 119
197272283 5
17401717 192
16161210 192
6708412 5
103096174 192
40893066 193
30007505 193
343918825 36
18729482 193
63010830 193
74796174 193
23776156 193
93146357 5
14269160 5
66530713 5
19976980 194
19027116 194
107867162 194
166663563 194
15876654 5
42584178 5
105223 195
18184416 195
6830712 5
14524297 5
232676888 5
20466609 5
24644909 5
18324005 5
16542981 5
16979946 5
12730882 5
18957239 5
49086693 5
36964520 5
23516324 5
16151653 5
237985689 5
243874674 6
301863759 6
548020172 6
191750596 196
16065736 196
40297195 196
50740810 197
76512809 197
18708568 197
30451960 198
21071513 198
234082615 1
92319025 1
211933541 1
120182604 1
210072500 1
22644063 112
62557485 112
22981846 5
16871637 5
8888672 5
18913179 5
177564924 199
76831143 199
6666312 200
17511527 200
5309462 200
17230018 200
20152310 200
282348945 199
325583724 199
5938412 200
740983 200
16332223 201
98731745 201
230484387 1
272652543 1
114607362 202
138618802 202
114476572 202
141713916 202
152065057 5
97088346 1
16983297 12
484299228 12
193483797 12
13555802 12
15335123 12
280049106 1
380503334 1
232907264 1
107790914 1
220712849 1
124866710 1
20448733 203
20281602 203
206101355 204
82140652 204
71273003 204
17597716 203
25869468 203
40703164 5
19927627 5
9340912 5
1511081 5
26011572 5
16543012 5
22851036 5
14173652 99
21201598 99
144218227 205
16018285 205
195305346 99
48903480 99
372084834 5
23066251 5
330552752 206
325911794 206
17133445 26
15231413 60
188046098 60
18174804 156
29480700 5
48377518 5
45296039 207
18955413 207
505372527 1
227454804 1
85349324 1
20611853 28
14364626 208
39904933 208
148032978 58
420456892 58
38346612 209
62601901 209
86938734 58
16434105 210
43105737 210
32676724 210
47897905 210
20531146 210
14363353 210
122194011 210
147590684 210
66331720 210
92181077 5
17176990 5
430703073 5
213829863 5
17215276 5
428428152 5
150766782 211
772844 211
47846099 212
56184156 212
23994280 156
14246892 213
25203129 213
25512981 5
499900026 1
404688845 1
16966381 214
18925386 214
17819033 29
300519766 29
20291791 5
31572616 5
197310509 5
64122735 5
3496641 5
19186071 5
67060417 215
219419701 215
6804822 215
19647125 216
63254895 216
23991440 216
17234024 5
310424126 1
194939391 1
260769396 1
321029545 1
341756256 1
332353057 1
374337374 1
231444167 1
433789613 1
181299506 1
115222629 1
219069031 5
14102076 106
58025433 106
14426487 106
11587712 106
177081090 106
177372465 106
111777598 106
171883639 106
14946893 106
177471917 106
14628172 106
46254908 106
15433739 106
19103586 106
313703817 217
81093 217
20240002 5
61040299 5
14539153 5
255790981 5
472390921 218
388692278 218
40645624 5
29374886 217
266182056 5
46754170 1
14955620 5
27003337 5
17066312 5
17560195 5
117237387 5
198567769 5
34980364 5
54546430 219
17451742 219
76936279 220
97465432 220
160779918 1
302768530 1
209735408 1
212247905 1
205009543 1
178805277 1
446010132 1
419160168 1
10647432 221
804261 221
693803 221
267425413 1
292290229 1
204690606 1
220988078 1
228881320 1
183545030 1
262809669 1
468931020 1
221338479 1
221731648 1
358387093 5
27853708 5
19670772 222
38699900 222
18220380 223
17006579 223
10292772 223
117802300 5
16898856 5
242202585 5
14087328 224
9705432 224
28267054 5
21145433 5
16560623 5
43822174 5
15639558 5
9359222 5
19251068 5
17207272 5
14751849 5
14005532 225
69027629 225
255761021 225
177336885 36
84505452 36
15944708 36
152820428 226
66029528 226
13369452 227
18755970 227
16871584 227
25796104 227
393242944 5
327851931 5
394475305 5
179743459 5
63233369 5
135704870 5
98821255 5
79119341 5
7852172 5
388118957 1
333815274 1
219723179 228
42576711 228
25488031 229
132089187 229
30369538 229
44475539 229
17467682 5
70736039 5
59947068 230
1294231 230
46957051 230
16378486 230
145724592 230
68801460 230
22587869 230
19554219 230
22568011 230
123633259 230
22369057 230
31432492 230
78231411 230
56891751 230
17677636 230
21021166 231
114829367 231
21609473 231
63303106 232
29977036 232
268479992 5
17198373 5
86823765 5
17578749 5
258280763 5
366849338 5
16120265 5
194703864 5
18364847 5
13577212 5
24405149 5
303482442 1
256744683 1
153198631 1
61522899 5
208730285 5
177030011 233
116829229 233
209143637 234
255253245 234
28929267 235
28931013 235
21337712 235
27163503 5
14267965 5
32140588 236
44561295 236
42040091 236
63356332 5
14217624 5
14982451 5
479997925 5
320939752 5
16874685 5
38761811 5
22652938 237
20224976 237
20426515 238
115743614 238
19339490 237
46415678 239
70160230 239
8126322 5
185963016 5
14710589 5
14092013 5
25675498 5
340685089 1
459632171 1
116914779 240
66431262 240
27546808 240
446712660 241
282743175 241
259387453 242
26813101 242
390356722 243
390947575 243
248179455 1
342421694 1
242692217 1
72357328 5
219806343 244
115409651 244
133317553 5
15947348 5
81700833 5
18568431 5
8881 5
19793752 5
6487292 5
169572927 1
123417458 245
122530604 245
260705759 246
115192143 246
282862692 5
370819399 5
271662759 5
96551826 5
261171156 5
198732306 5
363382373 5
312265900 5
336269684 1
73381700 5
25797592 5
178874748 5
94083684 1
277171542 1
450952913 1
84609243 1
128299973 1
226228873 1
234470418 1
63258863 247
197548360 247
272002061 247
99467249 1
19087450 5
21149618 99
16349559 99
341260999 248
330678412 248
8438932 38
777925 38
1692881 38
23468302 38
14602130 38
13166 38
18179447 249
42242439 249
31393 38
787864 249
1765921 5
7478612 5
14876536 5
997 5
13860742 250
15051601 250
458655133 5
383558512 251
14145296 251
14187770 5
104718222 5
317581133 5
29009790 252
25713189 252
245915466 253
323602128 253
25917741 5
91681244 254
93959777 254
21841724 5
34859464 5
217930063 5
343879647 1
382370111 1
71851394 1
109769483 5
374347717 5
113714296 5
157623011 5
315432213 58
19409006 255
38102814 255
20172221 255
18640668 255
24001954 255
16462661 9
57650649 9
29151815 9
421286008 9
54325840 5
267828234 5
272170644 5
333151960 5
149217510 5
65111341 256
15515673 256
10886522 5
15745674 5
78419512 5
15535730 5
78784199 5
5744702 5
14525652 5
31263739 5
223581250 5
92226678 5
120428242 5
15254423 5
24910422 5
371107639 5
313846689 5
46346085 5
18591927 5
282704372 5
236698395 5
49105052 5
6080022 5
191504048 5
24332709 5
20076561 5
22676390 5
17169320 5
65412757 5
16060481 5
116308543 257
51835387 257
35067687 257
61525167 5
14306568 5
15383 5
14386631 5
20293613 5
13700542 5
7373292 5
60741908 5
45036374 5
19890521 5
20452435 5
15656040 5
6016062 5
66836254 5
15810356 5
293392015 5
341603426 5
309135583 5
359791673 5
5654722 5
21672825 258
5033381 258
58238234 259
160522286 259
21540725 260
188025840 260
125502730 1
509143497 112
368527647 1
15422847 5
150086351 5
167063925 5
42926101 5
33051040 5
19407585 5
35761106 261
347732165 261
16088814 262
14539464 262
199796510 219
281530541 219
217742175 1
199846203 1
375407274 5
276551208 5
46671605 263
365843255 263
118205135 264
23260786 264
45772968 264
112004687 263
472442403 264
16201775 265
19995834 265
21689936 265
134889262 5
21093865 5
60108571 266
60178856 266
821142 267
38124754 267
356300701 81
397495448 81
14222536 81
77941263 268
265802800 268
387928178 5
165411431 5
556167733 5
52285847 5
13108932 5
15582769 5
190233732 5
18946688 5
52934175 5
554003471 269
464435768 269
379644023 269
343051634 269
320140485 269
512638904 269
466121896 269
394239302 269
360268721 269
351641666 269
319625617 269
321096972 269
284681556 269
524620711 269
395472453 269
50042330 269
397322647 269
349741737 269
300012435 269
398462787 269
184426481 269
124079873 270
427603063 270
8002822 271
15149791 271
16384688 272
309237384 272
336586492 272
19412541 272
27935501 273
354569107 273
16631253 273
360169494 273
25453503 273
62804806 225
41598554 5
15411162 5
17124747 5
15419796 5
14935647 5
27073265 5
326755929 65
282388693 274
237315244 274
58528137 275
407977463 275
29993099 276
335641572 276
290871738 274
210254309 277
68604037 277
306005773 277
158558510 5
326371495 278
265781635 278
208891656 278
283193474 278
32530227 278
35502708 278
414415556 278
53296515 279
463194918 279
14238569 5
7594982 5
8119302 5
35986710 5
17821932 5
7797552 5
13171472 5
2009991 5
414569910 280
89898430 280
19003050 280
403473415 280
81789092 281
19534433 281
206621725 282
35233873 282
25577351 282
227126986 5
380196467 5
357741061 5
88130019 5
508226086 5
46140684 5
325670642 5
65936054 5
218764303 5
191601056 5
24166711 5
37931906 5
24574626 5
37229840 5
325799091 5
480113860 5
333881828 5
405122243 5
343913571 5
384452872 283
118135933 283
429289159 283
254123924 283
187722919 283
346880024 283
176939238 283
50054844 283
119171551 283
411011857 283
302643429 1
181710644 283
368699121 283
375214274 283
200959768 5
38901224 5
6427892 5
398994309 5
23853807 5
48398960 284
84368747 284
172887151 285
33390855 285
26038292 286
17001189 286
27567775 5
35972874 5
90203412 5
210428550 1
119798626 1
15471060 287
33830368 287
68316611 1
17501358 288
16397686 288
133404204 5
15453752 5
20012454 288
337537112 289
337802792 289
283388768 290
82522075 290
166226911 290
88692036 290
195171695 290
29134751 112
93659369 5
70122463 291
45231082 291
41582548 291
182414019 291
151959257 291
283602905 291
231004001 291
246023376 292
133756497 292
106061616 282
353665909 281
21993337 293
18991464 293
19685455 293
44616049 293
68898458 293
52830048 293
30027101 293
19720220 293
20212580 5
15053372 5
34742074 5
15743810 96
15170346 96
78408666 294
15327996 294
22708540 295
34778564 295
96585601 296
26054442 296
15036041 5
135397331 297
529041333 297
260281892 5
355637036 5
54514600 5
261074207 298
183502719 298
307652781 299
122111980 299
555521357 300
37605913 300
345930964 301
47005906 301
146768204 302
29368258 302
21434769 5
71553401 303
53751973 303
18562064 304
18740669 304
261227209 304
380663874 1
322358312 305
72323229 305
139084494 1
61235410 305
45047314 306
66004143 306
63372660 307
38676123 307
33940400 307
64241129 307
97115053 308
78311082 308
215394089 308
152511987 307
73762766 309
97552857 309
104572249 310
41384205 310
24875696 307
151145458 1
18734884 287
44191022 311
19238008 311
32824804 311
75708763 312
9604032 312
276124559 313
243614856 313
230396531 313
54243949 314
5244591 314
40321134 315
30495007 315
459491802 5
18886900 5
9179362 38
25136067 12
45516390 12
16434221 12
34484725 12
358083488 5
370762041 5
339503567 9
314550074 51
33449028 5
276322412 5
8056522 5
21224587 5
49210949 6
322171570 6
248748948 6
117359940 5
15431344 5
18594420 5
37508790 180
26438384 5
21981231 316
42588508 316
28071884 317
66515918 317
28433775 5
435255730 1
29089122 5
16448588 318
355009696 318
457400706 318
50738078 318
135187349 318
267318068 318
249188812 318
18393753 319
96174685 319
13871102 5
21907788 5
15223433 5
14770116 5
10285082 5
105595534 319
25838635 5
135385447 320
80483595 320
176425989 321
203942956 321
114833239 322
50449246 322
20175675 58
16643805 323
18177126 323
64442789 310
139713345 111
195887204 324
38268441 324
14592925 5
15938093 5
790036 5
59554328 324
149685699 324
76016329 282
150978009 282
156280168 282
18991187 282
72820359 282
20045134 282
21856144 282
27834517 282
182384867 23
41590595 23
200969056 23
22813738 23
25069628 23
26811248 23
90118996 5
28280650 5
64611446 5
35490641 5
238431491 5
244441120 5
307357248 5
305423837 5
19401487 5
160302244 325
381048540 325
190399951 326
368801039 326
20189970 326
279251969 327
184391654 327
755603 70
199032495 70
321592490 328
308911400 328
256633393 328
13857762 328
278697037 329
281234028 329
10854812 5
405954273 5
35777926 5
55309264 5
66190348 1
43180035 1
41870991 1
25689832 1
66661590 1
70458047 1
58356127 1
51828073 1
91884854 1
66409671 1
242362681 1
14506505 330
14048809 330
21434444 5
19866631 5
202500496 5
7762622 5
9273052 5
12724562 5
22557877 5
583883 5
14513100 5
636893 5
8004452 5
73113170 5
276686889 5
357524793 5
68721382 5
168009636 5
19283723 5
18919936 5
31767699 5
58914651 5
43872362 5
42092597 5
1150571 5
10886182 5
17561785 171
29069574 5
14532236 331
19579267 331
150398297 331
18751439 332
121338495 332
430181870 5
32353559 5
25791289 5
21283935 5
148791188 333
86194532 333
62098714 5
31188700 5
317652921 5
43601041 5
267923399 5
306604708 334
298402374 334
254400424 335
256872653 335
20187852 5
305646642 5
330143622 5
81978740 5
356642631 5
233107833 5
295465484 5
73390436 5
23626899 336
109356584 336
223840932 337
268035072 337
38708614 5
229249830 5
238721415 5
25285450 5
13141852 5
26636349 5
136079475 5
162775226 5
15070712 5
204691142 5
20013151 5
150505377 5
90205951 338
84208385 338
22665024 339
289459291 339
498440463 340
422268021 340
18089608 340
36644925 339
51239075 340
372559100 340
20195073 339
227486711 340
45319754 5
26200403 5
16108210 5
87571114 5
26364322 5
34431320 5
16549787 341
24232984 341
64304897 342
87060964 342
17007560 5
32893652 5
129716643 89
29592491 89
45040038 89
16968632 343
18646199 343
31531849 5
14610206 5
17964866 5
59369137 5
355275030 5
152515045 5
34310801 344
15909010 344
26077026 345
11856422 345
28444033 228
97540798 346
44909928 346
95097958 347
184907407 347
5388852 348
14835652 348
53025463 349
52238172 349
46947488 117
264124770 117
390189904 117
74697858 117
182136530 117
351514707 117
14088064 350
96432821 350
429081965 117
61353269 351
25594518 351
26445140 351
41238485 352
15439882 352
150774780 353
378703574 353
52091660 352
172742915 136
150367583 136
346840644 136
178726318 136
26681152 354
111411572 354
260523318 355
72665816 355
18045966 356
37963098 356
53420694 355
798556 354
53194854 354
68526677 357
252703381 357
16125588 357
162310738 5
40964378 5
56535506 5
20163916 358
162204428 358
351073900 358
15097566 358
33173260 358
58642515 358
15426099 358
217416589 358
80088141 358
24400628 358
18060163 358
14414452 358
19382500 358
189592841 1
49064411 1
25842688 1
28349128 359
41896109 359
20641338 360
20408795 360
22272053 361
92614042 361
151753441 12
90778418 361
93004355 361
49666871 361
45638067 361
17905977 12
20928893 362
412582295 362
48564118 12
55101908 363
117177384 363
311989458 5
87165980 5
14072931 5
21417687 5
19817778 5
323351607 364
20662802 364
123051486 5
180416124 365
246578847 365
18274748 189
462310261 5
29994187 257
109342607 366
78758706 366
14858086 49
88827363 5
54279612 5
26519172 5
140741639 367
202186639 367
288932529 367
423992563 368
489281307 368
20039736 5
33140178 5
178513073 369
367681328 369
157461057 370
59409306 370
160657479 371
45696104 371
131305826 372
24588389 372
234625696 370
269541156 370
95075291 370
25238486 372
129895131 372
26514376 372
126506556 372
25284019 373
31317590 373
46503181 151
199415817 151
157180599 374
21916557 374
79609940 1
471692812 1
443127182 375
146598249 375
12798922 157
18952429 5
24389233 5
183502710 5
131728473 5
365249846 5
136278069 5
221859696 5
20474740 36
14060667 376
24730013 376
50426510 376
55532048 376
2976831 376
99291085 376
87356124 377
17891116 377
19740681 5
16956955 5
14427975 378
90984237 378
23992692 379
800437 379
65508777 5
360210288 5
44186632 5
2565 5
12798452 5
8091602 380
814306 380
1527091 380
15757690 380
42096654 5
68762038 5
11334 5
149622343 381
25000290 381
31569479 381
114738427 381
557143602 382
23021979 382
280747281 383
228786825 383
27335801 383
47689027 381
271495538 384
290216175 384
263514193 384
233687955 384
285571521 384
270767794 384
248967064 384
165675053 384
19509652 384
224272024 384
27585831 384
74294087 384
248932073 384
39753512 384
236749048 384
162385517 384
26453558 384
292767542 384
58985584 385
5704862 385
14296723 5
8108052 5
16350866 5
793351 5
147324465 386
441328248 386
194354261 387
50887421 387
64418022 1
23696980 1
21068395 112
38967935 388
81656691 388
18253799 5
15468275 389
28363255 389
19362061 389
29533547 389
47481061 389
19613618 389
22523624 390
63827110 390
15584851 391
130877595 391
35613013 93
14995210 392
14319981 392
15062340 38
64011951 393
115520085 393
289042697 393
20383419 393
165842017 393
12695752 5
217488200 1
73050189 1
21212730 394
25143948 394
15147397 5
78925893 394
18361967 5
25810548 5
16214045 5
14362575 5
24973996 5
14955344 117
30572722 117
36757972 117
102300277 117
86120067 117
15290966 117
15180686 117
101775511 117
6258042 117
405482317 117
373422039 117
19404587 5
58396487 5
19698923 395
64656259 395
193929442 5
259378270 5
167150593 5
263576813 5
110117428 5
50339952 396
485924782 396
43042986 5
78815877 5
413359972 5
18487428 397
39522848 397
19215993 397
46170816 397
314227065 398
16729099 398
15599371 5
18772408 5
154291841 5
15195150 5
21316848 5
157818542 399
18523512 399
291767815 400
218355549 400
51575022 5
208759600 400
75974281 401
393852070 401
196500142 402
94569164 402
14109475 5
129978583 5
21533722 403
15132110 403
64474358 239
104126903 239
647633 56
278776000 278
221921187 278
263224927 278
86630861 404
47240171 404
16490974 404
86300007 404
353934486 404
181753489 404
18104476 405
19497677 405
21255194 404
170906002 406
231545675 406
66491235 406
52310798 406
67119770 406
193291779 406
17946886 5
276348332 407
230498574 407
19956523 1
20970926 408
39488895 408
100614511 408
39614123 408
33456706 408
85114893 408
25382450 5
41026098 5
227863795 5
24249821 5
351133275 5
16224299 5
323520663 409
7078732 409
50063127 5
14291563 5
54631530 5
219065620 5
180450786 5
126062877 5
16736650 5
40895426 5
258576165 410
177229224 410
119446730 5
269805726 5
231007190 5
339859282 5
87229901 5
210098167 411
153852656 411
173343647 5
647223 412
30060242 412
17398347 5
4542801 412
15166543 412
4393381 412
103421652 413
26376975 413
14249811 413
54795290 5
9423662 414
17960638 414
77712736 414
12538472 414
52556532 414
39164896 414
1277041 414
43328989 414
14291326 414
9570302 414
13831522 5
19753864 5
14565861 5
127782922 5
1399231 415
524463 415
20421603 5
14824385 5
22832029 416
53717630 416
394460725 5
72555359 5
16060735 5
309206712 5
16193542 106
13083622 36
14521981 36
22448729 36
51951241 417
128957132 417
32102005 417
44962272 180
32695475 417
56834816 417
21721401 418
99686909 418
44465753 180
7777932 419
85985832 419
33873372 417
18034357 222
1315011 222
1133971 222
7531832 50
12661 222
38353 222
137187477 99
8254982 420
8320432 420
30108503 5
85897690 5
85977550 5
77581855 5
17625522 421
76968686 421
61903300 421
23800611 421
39299241 421
88936426 421
18345963 421
37396276 422
32175870 422
15677650 5
123160974 5
21162492 5
128320890 117
24550707 423
19178857 423
103541806 423
76702882 424
23145471 424
107236336 425
41435895 425
57026351 425
6291872 425
233356779 426
18770310 426
188586381 427
65147931 427
42135344 428
20194941 428
7697472 5
17417121 5
18174186 429
31015514 429
28187573 429
49053258 430
68845466 430
73434013 1
172524209 431
182481395 431
72420530 431
147679058 432
310651459 432
201499968 431
249361546 431
65693114 431
111103485 431
82159002 431
172464017 431
162420686 431
247002646 431
58033175 431
197154656 433
171318249 433
97463613 1
131364612 431
72410358 431
14531164 434
19962737 434
27062951 434
206063829 5
265021248 329
22707147 5
223959754 5
93707337 5
109758140 99
126088259 99
16602180 5
35246396 435
27796499 435
20976154 5
17284200 436
20997349 436
63228090 437
20984259 437
353824303 437
40306315 5
761290 438
86563606 438
2317921 5
27512794 5
39825297 5
34556109 5
27721192 5
22722452 5
14966677 5
26535027 135
21149003 135
232033170 135
156984830 135
27521114 135
212155430 135
10333972 135
285198742 135
96208310 135
6164682 135
19371099 135
15145547 439
90071403 439
104002640 135
87779500 135
14063605 135
68174078 269
14775425 440
54188979 440
132809440 392
89026066 441
16312316 441
21458147 193
21174708 441
9822052 5
10051022 5
54467758 442
83450402 442
34479708 22
93579404 117
278746956 117
15880884 117
26865509 1
149426168 443
79613352 443
28318908 99
22684480 99
226165839 312
54499639 1
17628437 444
253973 444
765694 444
11415842 444
14964767 444
126427420 5
250408941 445
373622208 445
221402863 446
126510360 446
252659822 446
215051592 445
113766686 447
35388869 447
266040555 447
33724407 447
145356475 447
38313584 447
156652502 447
50009606 447
36441704 447
470640651 447
217511904 447
192396145 447
14102913 5
22323452 5
38684785 5
34722951 5
91211615 5
46122746 5
41839767 5
15923226 448
7402662 448
43334545 5
